<?xml version="1.0" encoding="UTF-8"?>
<!-- Generated by org.testng.reporters.JUnitXMLReporter -->
<testsuite hostname="DESKTOP-5EA9CPP" ignored="0" name="Default test" tests="2" failures="0" timestamp="2022-07-24T16:06:56 EDT" time="0.091" errors="0">
  <testcase name="@BeforeTest init" time="0.026" classname="Utilities.BaseClass">
    <failure type="java.io.FileNotFoundException" message="C:\Users\haris\eclipse-workspace\HarisFramework\Project.properties (The system cannot find the file specified)">
      <![CDATA[java.io.FileNotFoundException: C:\Users\haris\eclipse-workspace\HarisFramework\Project.properties (The system cannot find the file specified)
at java.io.FileInputStream.open0(Native Method)
at java.io.FileInputStream.open(Unknown Source)
at java.io.FileInputStream.<init>(Unknown Source)
at java.io.FileInputStream.<init>(Unknown Source)
at Utilities.BaseClass.getProperties(BaseClass.java:129)
at Utilities.BaseClass.init(BaseClass.java:34)
at sun.reflect.NativeMethodAccessorImpl.invoke0(Native Method)
at sun.reflect.NativeMethodAccessorImpl.invoke(Unknown Source)
at sun.reflect.DelegatingMethodAccessorImpl.invoke(Unknown Source)
at java.lang.reflect.Method.invoke(Unknown Source)
at org.testng.internal.MethodInvocationHelper.invokeMethod(MethodInvocationHelper.java:133)
at org.testng.internal.MethodInvocationHelper.invokeMethodConsideringTimeout(MethodInvocationHelper.java:62)
at org.testng.internal.ConfigInvoker.invokeConfigurationMethod(ConfigInvoker.java:340)
at org.testng.internal.ConfigInvoker.invokeConfigurations(ConfigInvoker.java:294)
at org.testng.TestRunner.invokeTestConfigurations(TestRunner.java:623)
at org.testng.TestRunner.beforeRun(TestRunner.java:613)
at org.testng.TestRunner.run(TestRunner.java:584)
at org.testng.SuiteRunner.runTest(SuiteRunner.java:402)
at org.testng.SuiteRunner.runSequentially(SuiteRunner.java:396)
at org.testng.SuiteRunner.privateRun(SuiteRunner.java:355)
at org.testng.SuiteRunner.run(SuiteRunner.java:304)
at org.testng.SuiteRunnerWorker.runSuite(SuiteRunnerWorker.java:53)
at org.testng.SuiteRunnerWorker.run(SuiteRunnerWorker.java:96)
at org.testng.TestNG.runSuitesSequentially(TestNG.java:1180)
at org.testng.TestNG.runSuitesLocally(TestNG.java:1102)
at org.testng.TestNG.runSuites(TestNG.java:1032)
at org.testng.TestNG.run(TestNG.java:1000)
at org.testng.remote.AbstractRemoteTestNG.run(AbstractRemoteTestNG.java:115)
at org.testng.remote.RemoteTestNG.initAndRun(RemoteTestNG.java:251)
at org.testng.remote.RemoteTestNG.main(RemoteTestNG.java:77)
]]>
    </failure>
  </testcase> <!-- @BeforeTest init -->
  <testcase name="@BeforeTest setup" time="-1.658693216391E9" classname="SingleScript.DynamicBrowser">
    <skipped/>
  </testcase> <!-- @BeforeTest setup -->
  <testcase name="@AfterTest tearDown" time="-1.658693216438E9" classname="SingleScript.DynamicBrowser">
    <skipped/>
  </testcase> <!-- @AfterTest tearDown -->
  <testcase name="inputCrederntialsAndVerify" time="0.0" classname="SingleScript.DynamicBrowser">
    <skipped/>
  </testcase> <!-- inputCrederntialsAndVerify -->
  <testcase name="test1" time="0.0" classname="SingleScript.DynamicBrowser">
    <skipped/>
  </testcase> <!-- test1 -->
</testsuite> <!-- Default test -->
